28 янв 2020 10:21:21,414 system - system - system  INFO SQLHandLogger - TABLE DOES NOT EXIST {}
28 янв 2020 10:33:53,754 system - system - system ERROR SQLHandLogger - SUPPRESSED : ОШИБКА: база данных "lsfusion_game" уже существует
	at org.postgresql.core.v3.QueryExecutorImpl.receiveErrorResponse(QueryExecutorImpl.java:2497)
	at org.postgresql.core.v3.QueryExecutorImpl.processResults(QueryExecutorImpl.java:2233)
	at org.postgresql.core.v3.QueryExecutorImpl.execute(QueryExecutorImpl.java:310)
	at org.postgresql.jdbc.PgStatement.executeInternal(PgStatement.java:446)
	at org.postgresql.jdbc.PgStatement.execute(PgStatement.java:370)
	at org.postgresql.jdbc.PgStatement.executeWithFlags(PgStatement.java:311)
	at org.postgresql.jdbc.PgStatement.executeCachedSql(PgStatement.java:297)
	at org.postgresql.jdbc.PgStatement.executeWithFlags(PgStatement.java:274)
	at org.postgresql.jdbc.PgStatement.execute(PgStatement.java:269)
	at lsfusion.server.data.sql.adapter.PostgreDataAdapter.ensureDB(PostgreDataAdapter.java:93)
	at lsfusion.server.data.sql.adapter.DataAdapter.ensure(DataAdapter.java:68)
	at lsfusion.server.physics.exec.db.controller.manager.DBManager.initReflectionEvents(DBManager.java:187)
	at lsfusion.server.physics.admin.reflection.controller.init.InitReflectionEventsTask.run(InitReflectionEventsTask.java:13)
	at lsfusion.server.base.task.Task.proceed(Task.java:143)
	at lsfusion.server.base.task.Task$1.aspectRun(Task.java:101)
	at lsfusion.server.base.controller.thread.ExecutorFactory$AspectRunnable.run(ExecutorFactory.java:465)
	at java.util.concurrent.ThreadPoolExecutor.runWorker(ThreadPoolExecutor.java:1149)
	at java.util.concurrent.ThreadPoolExecutor$Worker.run(ThreadPoolExecutor.java:624)
	at java.lang.Thread.run(Thread.java:748)
	at lsfusion.server.base.controller.thread.ExecutorFactory$ClosableDaemonThreadFactory$ClosableThread.run(ExecutorFactory.java:536)


	at lsfusion.base.ExceptionUtils.getStackTrace(ExceptionUtils.java:26)
	at lsfusion.server.base.controller.stack.ExecutionStackAspect.getExStackTrace(ExecutionStackAspect.java:344)
	at lsfusion.server.physics.admin.log.ServerLoggers.sqlSuppLog(ServerLoggers.java:98)
	at lsfusion.server.data.sql.adapter.PostgreDataAdapter.ensureDB(PostgreDataAdapter.java:95)
	at lsfusion.server.data.sql.adapter.DataAdapter.ensure(DataAdapter.java:68)
	at lsfusion.server.physics.exec.db.controller.manager.DBManager.initReflectionEvents(DBManager.java:187)
	at lsfusion.server.physics.admin.reflection.controller.init.InitReflectionEventsTask.run(InitReflectionEventsTask.java:13)
	at lsfusion.server.base.task.Task.proceed(Task.java:143)
	at lsfusion.server.base.task.Task$1.aspectRun(Task.java:101)
	at lsfusion.server.base.controller.thread.ExecutorFactory$AspectRunnable.run(ExecutorFactory.java:465)
	at java.util.concurrent.ThreadPoolExecutor.runWorker(ThreadPoolExecutor.java:1149)
	at java.util.concurrent.ThreadPoolExecutor$Worker.run(ThreadPoolExecutor.java:624)
	at java.lang.Thread.run(Thread.java:748)
	at lsfusion.server.base.controller.thread.ExecutorFactory$ClosableDaemonThreadFactory$ClosableThread.run(ExecutorFactory.java:536)

28 янв 2020 10:34:13,910 system - system - system  INFO SQLHandLogger -  lsfusion.server.data.sql.exception.SQLTimeoutException: TIMEOUT TIMEOUTINSERT INTO t_10 (k0,p00) (SELECT t0.key0 AS jkey0,t2.e0 AS jprop0 FROM Reflection_tableColumn t0 JOIN (SELECT t0.key0 AS k0,(SELECT jprop0 FROM (SELECT w1t1.k0 AS jkey0,1 AS jprop0 FROM t_11 w1t1 JOIN (SELECT CAST((CAST((w1t1.Reflection_sid_Table || CAST('.' AS varchar(1))) AS varchar(101)) || w1t0.Reflection_sid_TableColumn) AS varchar(201)) AS k0,ANYVALUE(w1t0.key0) AS e0 FROM Reflection_tableColumn w1t0 JOIN Reflection_tables w1t1 ON w1t1.key0=w1t0.Reflection_table_TableColumn WHERE (w1t1.Reflection_sid_Table IS NOT NULL AND w1t0.Reflection_sid_TableColumn IS NOT NULL) GROUP BY 1) w1t0 ON w1t0.k0=w1t1.p20 LEFT JOIN t_13 w1t2 ON w1t2.k0=w1t1.p20 WHERE (w1t0.e0=t0.key0 AND NOT w1t2.k0 IS NOT NULL) LIMIT 1) w1w1LEALIAS) AS e0 FROM Reflection_tableColumn t0 WHERE 1=1) t1 ON t1.k0=t0.key0 LEFT JOIN (SELECT t0.key0 AS k0,(SELECT jprop0 FROM (SELECT w1t1.k0 AS jkey0,w1t2.e0 AS jprop0 FROM t_11 w1t1 JOIN (SELECT CAST((CAST((w1t1.Reflection_sid_Table || CAST('.' AS varchar(1))) AS varchar(101)) || w1t0.Reflection_sid_TableColumn) AS varchar(201)) AS k0,ANYVALUE(w1t0.key0) AS e0 FROM Reflection_tableColumn w1t0 JOIN Reflection_tables w1t1 ON w1t1.key0=w1t0.Reflection_table_TableColumn WHERE (w1t1.Reflection_sid_Table IS NOT NULL AND w1t0.Reflection_sid_TableColumn IS NOT NULL) GROUP BY 1) w1t0 ON w1t0.k0=w1t1.p20 JOIN (SELECT w1t0.Reflection_sid_Table AS k0,ANYVALUE(w1t0.key0) AS e0 FROM Reflection_tables w1t0 WHERE w1t0.Reflection_sid_Table IS NOT NULL GROUP BY 1) w1t2 ON w1t2.k0=w1t1.p00 LEFT JOIN t_13 w1t3 ON w1t3.k0=w1t1.p20 WHERE (w1t2.e0 IS NOT NULL AND w1t0.e0=t0.key0 AND NOT w1t3.k0 IS NOT NULL) ORDER BY 2 DESC NULLS LAST LIMIT 1) w1w1LEALIAS) AS e0 FROM Reflection_tableColumn t0 WHERE 1=1) t2 ON t2.k0=t0.key0 WHERE (t1.e0 IS NOT NULL AND (t0.Reflection_table_TableColumn IS NULL OR t2.e0 IS NULL OR NOT t0.Reflection_table_TableColumn=t2.e0))) UNION (SELECT t0.k0 AS jkey0,t2.e0 AS jprop0 FROM t_3 t0 JOIN (SELECT t0.p00 AS k0,ANYVALUE(1) AS e0 FROM t_11 t1 JOIN t_13 t0 ON t0.k0=t1.p20 JOIN t_3 t2 ON t2.k0=t0.p00 WHERE 1=1 GROUP BY 1) t1 ON t1.k0=t0.k0 LEFT JOIN (SELECT t0.p00 AS k0,MAX(t3.e0) AS e0 FROM t_11 t1 JOIN t_13 t0 ON t0.k0=t1.p20 JOIN t_3 t2 ON t2.k0=t0.p00 JOIN (SELECT t0.k0 AS k0,(SELECT jprop0 FROM (SELECT w1t0.key0 AS jkey0,w1t0.key0 AS jprop0 FROM Reflection_tables w1t0 WHERE w1t0.Reflection_sid_Table=t0.k0 LIMIT 1) w1w1LEALIAS) AS e0 FROM (SELECT t0.Reflection_sid_Table AS k0,ANYVALUE(1) AS e0 FROM Reflection_tables t0 WHERE t0.Reflection_sid_Table IS NOT NULL GROUP BY 1) t0 WHERE t0.e0 IS NOT NULL) t3 ON t3.k0=t1.p00 WHERE t3.e0 IS NOT NULL GROUP BY 1) t2 ON t2.k0=t0.k0 WHERE t1.e0 IS NOT NULL)
28 янв 2020 10:34:17,552 system - system - system  INFO SQLHandLogger -  lsfusion.server.data.sql.exception.SQLTimeoutException: TIMEOUT TIMEOUTINSERT INTO t_5 (k0,p00) (SELECT t0.key0 AS jkey0,t1.e0 AS jprop0 FROM Reflection_tableColumn t0 JOIN (SELECT t0.key0 AS k0,(SELECT jprop0 FROM (SELECT w1t1.k0 AS jkey0,w1t1.p10 AS jprop0 FROM t_11 w1t1 JOIN (SELECT CAST((CAST((w1t1.Reflection_sid_Table || CAST('.' AS varchar(1))) AS varchar(101)) || w1t0.Reflection_sid_TableColumn) AS varchar(201)) AS k0,ANYVALUE(w1t0.key0) AS e0 FROM Reflection_tableColumn w1t0 JOIN Reflection_tables w1t1 ON w1t1.key0=w1t0.Reflection_table_TableColumn WHERE (w1t1.Reflection_sid_Table IS NOT NULL AND w1t0.Reflection_sid_TableColumn IS NOT NULL) GROUP BY 1) w1t0 ON w1t0.k0=w1t1.p20 LEFT JOIN t_13 w1t2 ON w1t2.k0=w1t1.p20 WHERE (w1t1.p10 IS NOT NULL AND w1t0.e0=t0.key0 AND NOT w1t2.k0 IS NOT NULL) ORDER BY 2 DESC NULLS LAST LIMIT 1) w1w1LEALIAS) AS e0,(SELECT jprop0 FROM (SELECT w1t1.k0 AS jkey0,1 AS jprop0 FROM t_11 w1t1 JOIN (SELECT CAST((CAST((w1t1.Reflection_sid_Table || CAST('.' AS varchar(1))) AS varchar(101)) || w1t0.Reflection_sid_TableColumn) AS varchar(201)) AS k0,ANYVALUE(w1t0.key0) AS e0 FROM Reflection_tableColumn w1t0 JOIN Reflection_tables w1t1 ON w1t1.key0=w1t0.Reflection_table_TableColumn WHERE (w1t1.Reflection_sid_Table IS NOT NULL AND w1t0.Reflection_sid_TableColumn IS NOT NULL) GROUP BY 1) w1t0 ON w1t0.k0=w1t1.p20 LEFT JOIN t_13 w1t2 ON w1t2.k0=w1t1.p20 WHERE (w1t0.e0=t0.key0 AND NOT w1t2.k0 IS NOT NULL) LIMIT 1) w1w2LEALIAS) AS e1 FROM Reflection_tableColumn t0 WHERE 1=1) t1 ON t1.k0=t0.key0 WHERE (t1.e1 IS NOT NULL AND (t0.Reflection_sid_TableColumn IS NULL OR t1.e0 IS NULL OR NOT t0.Reflection_sid_TableColumn=t1.e0))) UNION (SELECT t0.k0 AS jkey0,t1.e0 AS jprop0 FROM t_3 t0 JOIN (SELECT t0.p00 AS k0,MAX(t1.p10) AS e0,ANYVALUE(1) AS e1 FROM t_11 t1 JOIN t_13 t0 ON t0.k0=t1.p20 JOIN t_3 t2 ON t2.k0=t0.p00 WHERE 1=1 GROUP BY 1) t1 ON t1.k0=t0.k0 WHERE t1.e1 IS NOT NULL)
28 янв 2020 10:40:29,735 system - system - system ERROR SQLHandLogger - SUPPRESSED : ОШИБКА: база данных "lsfusion_game" уже существует
	at org.postgresql.core.v3.QueryExecutorImpl.receiveErrorResponse(QueryExecutorImpl.java:2497)
	at org.postgresql.core.v3.QueryExecutorImpl.processResults(QueryExecutorImpl.java:2233)
	at org.postgresql.core.v3.QueryExecutorImpl.execute(QueryExecutorImpl.java:310)
	at org.postgresql.jdbc.PgStatement.executeInternal(PgStatement.java:446)
	at org.postgresql.jdbc.PgStatement.execute(PgStatement.java:370)
	at org.postgresql.jdbc.PgStatement.executeWithFlags(PgStatement.java:311)
	at org.postgresql.jdbc.PgStatement.executeCachedSql(PgStatement.java:297)
	at org.postgresql.jdbc.PgStatement.executeWithFlags(PgStatement.java:274)
	at org.postgresql.jdbc.PgStatement.execute(PgStatement.java:269)
	at lsfusion.server.data.sql.adapter.PostgreDataAdapter.ensureDB(PostgreDataAdapter.java:93)
	at lsfusion.server.data.sql.adapter.DataAdapter.ensure(DataAdapter.java:68)
	at lsfusion.server.physics.exec.db.controller.manager.DBManager.initReflectionEvents(DBManager.java:187)
	at lsfusion.server.physics.admin.reflection.controller.init.InitReflectionEventsTask.run(InitReflectionEventsTask.java:13)
	at lsfusion.server.base.task.Task.proceed(Task.java:143)
	at lsfusion.server.base.task.Task$1.aspectRun(Task.java:101)
	at lsfusion.server.base.controller.thread.ExecutorFactory$AspectRunnable.run(ExecutorFactory.java:465)
	at java.util.concurrent.ThreadPoolExecutor.runWorker(ThreadPoolExecutor.java:1149)
	at java.util.concurrent.ThreadPoolExecutor$Worker.run(ThreadPoolExecutor.java:624)
	at java.lang.Thread.run(Thread.java:748)
	at lsfusion.server.base.controller.thread.ExecutorFactory$ClosableDaemonThreadFactory$ClosableThread.run(ExecutorFactory.java:536)


	at lsfusion.base.ExceptionUtils.getStackTrace(ExceptionUtils.java:26)
	at lsfusion.server.base.controller.stack.ExecutionStackAspect.getExStackTrace(ExecutionStackAspect.java:344)
	at lsfusion.server.physics.admin.log.ServerLoggers.sqlSuppLog(ServerLoggers.java:98)
	at lsfusion.server.data.sql.adapter.PostgreDataAdapter.ensureDB(PostgreDataAdapter.java:95)
	at lsfusion.server.data.sql.adapter.DataAdapter.ensure(DataAdapter.java:68)
	at lsfusion.server.physics.exec.db.controller.manager.DBManager.initReflectionEvents(DBManager.java:187)
	at lsfusion.server.physics.admin.reflection.controller.init.InitReflectionEventsTask.run(InitReflectionEventsTask.java:13)
	at lsfusion.server.base.task.Task.proceed(Task.java:143)
	at lsfusion.server.base.task.Task$1.aspectRun(Task.java:101)
	at lsfusion.server.base.controller.thread.ExecutorFactory$AspectRunnable.run(ExecutorFactory.java:465)
	at java.util.concurrent.ThreadPoolExecutor.runWorker(ThreadPoolExecutor.java:1149)
	at java.util.concurrent.ThreadPoolExecutor$Worker.run(ThreadPoolExecutor.java:624)
	at java.lang.Thread.run(Thread.java:748)
	at lsfusion.server.base.controller.thread.ExecutorFactory$ClosableDaemonThreadFactory$ClosableThread.run(ExecutorFactory.java:536)

28 янв 2020 10:40:49,704 system - system - system  INFO SQLHandLogger -  lsfusion.server.data.sql.exception.SQLTimeoutException: TIMEOUT TIMEOUTINSERT INTO t_10 (k0,p00) SELECT t0.k0 AS jkey0,t1.e0 AS jprop0 FROM (SELECT t0.k0 AS k0,(SELECT jprop0 FROM (SELECT w1t1.k0 AS jkey0,1 AS jprop0 FROM t_11 w1t1 JOIN (SELECT CAST((CAST((w1t1.Reflection_sid_Table || CAST('.' AS varchar(1))) AS varchar(101)) || w1t0.Reflection_sid_TableColumn) AS varchar(201)) AS k0,ANYVALUE(w1t0.key0) AS e0 FROM Reflection_tableColumn w1t0 JOIN Reflection_tables w1t1 ON w1t1.key0=w1t0.Reflection_table_TableColumn WHERE (w1t1.Reflection_sid_Table IS NOT NULL AND w1t0.Reflection_sid_TableColumn IS NOT NULL) GROUP BY 1) w1t0 ON w1t0.k0=w1t1.p20 WHERE w1t0.e0=t0.k0 LIMIT 1) w1w1LEALIAS) AS e0 FROM (SELECT t0.e0 AS k0,ANYVALUE(1) AS e0 FROM (SELECT t0.k0 AS k0,(SELECT jprop0 FROM (SELECT w1t0.key0 AS jkey0,w1t0.key0 AS jprop0 FROM Reflection_tableColumn w1t0 JOIN Reflection_tables w1t1 ON w1t1.key0=w1t0.Reflection_table_TableColumn WHERE CAST((CAST((w1t1.Reflection_sid_Table || CAST('.' AS varchar(1))) AS varchar(101)) || w1t0.Reflection_sid_TableColumn) AS varchar(201))=t0.k0 LIMIT 1) w1w1LEALIAS) AS e0 FROM (SELECT CAST((CAST((t1.Reflection_sid_Table || CAST('.' AS varchar(1))) AS varchar(101)) || t0.Reflection_sid_TableColumn) AS varchar(201)) AS k0,ANYVALUE(1) AS e0 FROM Reflection_tableColumn t0 JOIN Reflection_tables t1 ON t1.key0=t0.Reflection_table_TableColumn WHERE (t1.Reflection_sid_Table IS NOT NULL AND t0.Reflection_sid_TableColumn IS NOT NULL) GROUP BY 1) t0 WHERE t0.e0 IS NOT NULL) t0 WHERE t0.e0 IS NOT NULL GROUP BY 1) t0 WHERE t0.e0 IS NOT NULL) t0 LEFT JOIN (SELECT t0.k0 AS k0,(SELECT jprop0 FROM (SELECT w1t1.k0 AS jkey0,w1t2.e0 AS jprop0 FROM t_11 w1t1 JOIN (SELECT CAST((CAST((w1t1.Reflection_sid_Table || CAST('.' AS varchar(1))) AS varchar(101)) || w1t0.Reflection_sid_TableColumn) AS varchar(201)) AS k0,ANYVALUE(w1t0.key0) AS e0 FROM Reflection_tableColumn w1t0 JOIN Reflection_tables w1t1 ON w1t1.key0=w1t0.Reflection_table_TableColumn WHERE (w1t1.Reflection_sid_Table IS NOT NULL AND w1t0.Reflection_sid_TableColumn IS NOT NULL) GROUP BY 1) w1t0 ON w1t0.k0=w1t1.p20 JOIN (SELECT w1t0.Reflection_sid_Table AS k0,ANYVALUE(w1t0.key0) AS e0 FROM Reflection_tables w1t0 WHERE w1t0.Reflection_sid_Table IS NOT NULL GROUP BY 1) w1t2 ON w1t2.k0=w1t1.p00 WHERE (w1t2.e0 IS NOT NULL AND w1t0.e0=t0.k0) ORDER BY 2 DESC NULLS LAST LIMIT 1) w1w1LEALIAS) AS e0 FROM (SELECT t0.e0 AS k0,ANYVALUE(1) AS e0 FROM (SELECT t0.k0 AS k0,(SELECT jprop0 FROM (SELECT w1t0.key0 AS jkey0,w1t0.key0 AS jprop0 FROM Reflection_tableColumn w1t0 JOIN Reflection_tables w1t1 ON w1t1.key0=w1t0.Reflection_table_TableColumn WHERE CAST((CAST((w1t1.Reflection_sid_Table || CAST('.' AS varchar(1))) AS varchar(101)) || w1t0.Reflection_sid_TableColumn) AS varchar(201))=t0.k0 LIMIT 1) w1w1LEALIAS) AS e0 FROM (SELECT CAST((CAST((t1.Reflection_sid_Table || CAST('.' AS varchar(1))) AS varchar(101)) || t0.Reflection_sid_TableColumn) AS varchar(201)) AS k0,ANYVALUE(1) AS e0 FROM Reflection_tableColumn t0 JOIN Reflection_tables t1 ON t1.key0=t0.Reflection_table_TableColumn WHERE (t1.Reflection_sid_Table IS NOT NULL AND t0.Reflection_sid_TableColumn IS NOT NULL) GROUP BY 1) t0 WHERE t0.e0 IS NOT NULL) t0 WHERE t0.e0 IS NOT NULL GROUP BY 1) t0 WHERE t0.e0 IS NOT NULL) t1 ON t1.k0=t0.k0 JOIN Reflection_tableColumn t2 ON t2.key0=t0.k0 WHERE (t0.e0 IS NOT NULL AND (t2.Reflection_table_TableColumn IS NULL OR t1.e0 IS NULL OR NOT t2.Reflection_table_TableColumn=t1.e0))
28 янв 2020 10:40:53,778 system - system - system  INFO SQLHandLogger -  lsfusion.server.data.sql.exception.SQLTimeoutException: TIMEOUT TIMEOUTINSERT INTO t_5 (k0,p00) SELECT t0.k0 AS jkey0,t0.e0 AS jprop0 FROM (SELECT t0.k0 AS k0,(SELECT jprop0 FROM (SELECT w1t1.k0 AS jkey0,w1t1.p10 AS jprop0 FROM t_11 w1t1 JOIN (SELECT CAST((CAST((w1t1.Reflection_sid_Table || CAST('.' AS varchar(1))) AS varchar(101)) || w1t0.Reflection_sid_TableColumn) AS varchar(201)) AS k0,ANYVALUE(w1t0.key0) AS e0 FROM Reflection_tableColumn w1t0 JOIN Reflection_tables w1t1 ON w1t1.key0=w1t0.Reflection_table_TableColumn WHERE (w1t1.Reflection_sid_Table IS NOT NULL AND w1t0.Reflection_sid_TableColumn IS NOT NULL) GROUP BY 1) w1t0 ON w1t0.k0=w1t1.p20 WHERE (w1t1.p10 IS NOT NULL AND w1t0.e0=t0.k0) ORDER BY 2 DESC NULLS LAST LIMIT 1) w1w1LEALIAS) AS e0,(SELECT jprop0 FROM (SELECT w1t1.k0 AS jkey0,1 AS jprop0 FROM t_11 w1t1 JOIN (SELECT CAST((CAST((w1t1.Reflection_sid_Table || CAST('.' AS varchar(1))) AS varchar(101)) || w1t0.Reflection_sid_TableColumn) AS varchar(201)) AS k0,ANYVALUE(w1t0.key0) AS e0 FROM Reflection_tableColumn w1t0 JOIN Reflection_tables w1t1 ON w1t1.key0=w1t0.Reflection_table_TableColumn WHERE (w1t1.Reflection_sid_Table IS NOT NULL AND w1t0.Reflection_sid_TableColumn IS NOT NULL) GROUP BY 1) w1t0 ON w1t0.k0=w1t1.p20 WHERE w1t0.e0=t0.k0 LIMIT 1) w1w2LEALIAS) AS e1 FROM (SELECT t0.e0 AS k0,ANYVALUE(1) AS e0 FROM (SELECT t0.k0 AS k0,(SELECT jprop0 FROM (SELECT w1t0.key0 AS jkey0,w1t0.key0 AS jprop0 FROM Reflection_tableColumn w1t0 JOIN Reflection_tables w1t1 ON w1t1.key0=w1t0.Reflection_table_TableColumn WHERE CAST((CAST((w1t1.Reflection_sid_Table || CAST('.' AS varchar(1))) AS varchar(101)) || w1t0.Reflection_sid_TableColumn) AS varchar(201))=t0.k0 LIMIT 1) w1w1LEALIAS) AS e0 FROM (SELECT CAST((CAST((t1.Reflection_sid_Table || CAST('.' AS varchar(1))) AS varchar(101)) || t0.Reflection_sid_TableColumn) AS varchar(201)) AS k0,ANYVALUE(1) AS e0 FROM Reflection_tableColumn t0 JOIN Reflection_tables t1 ON t1.key0=t0.Reflection_table_TableColumn WHERE (t1.Reflection_sid_Table IS NOT NULL AND t0.Reflection_sid_TableColumn IS NOT NULL) GROUP BY 1) t0 WHERE t0.e0 IS NOT NULL) t0 WHERE t0.e0 IS NOT NULL GROUP BY 1) t0 WHERE t0.e0 IS NOT NULL) t0 JOIN Reflection_tableColumn t1 ON t1.key0=t0.k0 WHERE (t0.e1 IS NOT NULL AND (t1.Reflection_sid_TableColumn IS NULL OR t0.e0 IS NULL OR NOT t1.Reflection_sid_TableColumn=t0.e0))
