28 янв 2020 10:22:18,718 ERROR LogicsModule - lsfusion.gwt.client.base.exception.RemoteRetryException no such object in table at '28.01.20 10:22' from '0:0:0:0:0:0:0:1 - web': 
null
	at java.lang.Throwable.Throwable(Throwable.java:60)
	at java.lang.Exception.Exception(Exception.java:25)
	at net.customware.gwt.dispatch.shared.DispatchException.DispatchException(DispatchException.java:15)
	at lsfusion.gwt.client.base.exception.RemoteRetryException.RemoteRetryException(RemoteRetryException.java:8)
	at lsfusion.gwt.client.base.exception.RemoteRetryException_FieldSerializer.instantiate(RemoteRetryException_FieldSerializer.java:17)
	at com.google.gwt.user.client.rpc.impl.SerializerBase$MethodMap.$instantiate(SerializerBase.java:55)
	at com.google.gwt.user.client.rpc.impl.SerializerBase.$instantiate(SerializerBase.java:112)
	at com.google.gwt.user.client.rpc.impl.AbstractSerializationStreamReader.$readObject(AbstractSerializationStreamReader.java:129)
	at com.google.gwt.user.client.rpc.impl.RequestCallbackAdapter.$onResponseReceived(RequestCallbackAdapter.java:216)
	at com.google.gwt.http.client.Request.$fireOnResponseReceived(Request.java:250)
	at com.google.gwt.http.client.RequestBuilder$1.onReadyStateChange(RequestBuilder.java:412)
	at Unknown.anonymous(Unknown Source)
	at com.google.gwt.core.client.impl.Impl.apply(Impl.java:309)
	at com.google.gwt.core.client.impl.Impl.entry0(Impl.java:368)
	at Unknown.anonymous(Unknown Source)

28 янв 2020 10:34:09,630 ERROR LogicsModule - lsfusion.gwt.client.base.exception.RemoteRetryException no such object in table at '28.01.20 10:34' from '0:0:0:0:0:0:0:1 - web': 
null
	at java.lang.Throwable.Throwable(Throwable.java:60)
	at java.lang.Exception.Exception(Exception.java:25)
	at net.customware.gwt.dispatch.shared.DispatchException.DispatchException(DispatchException.java:15)
	at lsfusion.gwt.client.base.exception.RemoteRetryException.RemoteRetryException(RemoteRetryException.java:8)
	at lsfusion.gwt.client.base.exception.RemoteRetryException_FieldSerializer.instantiate(RemoteRetryException_FieldSerializer.java:17)
	at com.google.gwt.user.client.rpc.impl.SerializerBase$MethodMap.$instantiate(SerializerBase.java:55)
	at com.google.gwt.user.client.rpc.impl.SerializerBase.$instantiate(SerializerBase.java:112)
	at com.google.gwt.user.client.rpc.impl.AbstractSerializationStreamReader.$readObject(AbstractSerializationStreamReader.java:129)
	at com.google.gwt.user.client.rpc.impl.RequestCallbackAdapter.$onResponseReceived(RequestCallbackAdapter.java:216)
	at com.google.gwt.http.client.Request.$fireOnResponseReceived(Request.java:250)
	at com.google.gwt.http.client.RequestBuilder$1.onReadyStateChange(RequestBuilder.java:412)
	at Unknown.anonymous(Unknown Source)
	at com.google.gwt.core.client.impl.Impl.apply(Impl.java:309)
	at com.google.gwt.core.client.impl.Impl.entry0(Impl.java:368)
	at Unknown.anonymous(Unknown Source)

28 янв 2020 10:40:43,232 ERROR LogicsModule - lsfusion.gwt.client.base.exception.RemoteRetryException no such object in table at '28.01.20 10:40' from '0:0:0:0:0:0:0:1 - web': 
null
	at java.lang.Throwable.Throwable(Throwable.java:60)
	at java.lang.Exception.Exception(Exception.java:25)
	at net.customware.gwt.dispatch.shared.DispatchException.DispatchException(DispatchException.java:15)
	at lsfusion.gwt.client.base.exception.RemoteRetryException.RemoteRetryException(RemoteRetryException.java:8)
	at lsfusion.gwt.client.base.exception.RemoteRetryException_FieldSerializer.instantiate(RemoteRetryException_FieldSerializer.java:17)
	at com.google.gwt.user.client.rpc.impl.SerializerBase$MethodMap.$instantiate(SerializerBase.java:55)
	at com.google.gwt.user.client.rpc.impl.SerializerBase.$instantiate(SerializerBase.java:112)
	at com.google.gwt.user.client.rpc.impl.AbstractSerializationStreamReader.$readObject(AbstractSerializationStreamReader.java:129)
	at com.google.gwt.user.client.rpc.impl.RequestCallbackAdapter.$onResponseReceived(RequestCallbackAdapter.java:216)
	at com.google.gwt.http.client.Request.$fireOnResponseReceived(Request.java:250)
	at com.google.gwt.http.client.RequestBuilder$1.onReadyStateChange(RequestBuilder.java:412)
	at Unknown.anonymous(Unknown Source)
	at com.google.gwt.core.client.impl.Impl.apply(Impl.java:309)
	at com.google.gwt.core.client.impl.Impl.entry0(Impl.java:368)
	at Unknown.anonymous(Unknown Source)

