28 янв 2020 10:21:07,097  INFO StartLogger - Server is starting...
28 янв 2020 10:21:08,463  INFO StartLogger - Logics instance is starting...
28 янв 2020 10:21:08,488  INFO StartLogger - Initializing BusinessLogics
28 янв 2020 10:21:08,498  INFO StartLogger - Initializing localizer
28 янв 2020 10:21:08,498  INFO StartLogger - Creating modules
28 янв 2020 10:21:09,299  INFO StartLogger - Initializing dependencies
28 янв 2020 10:21:09,717  INFO StartLogger - Initializing modules order
28 янв 2020 10:21:09,720  INFO StartLogger - Initializing metacodes and classes
28 янв 2020 10:21:10,201  INFO StartLogger - Initializing object class
28 янв 2020 10:21:10,205  INFO StartLogger - Initializing tables
28 янв 2020 10:21:10,311  INFO StartLogger - Initializing class tables
28 янв 2020 10:21:10,420  INFO StartLogger - Initializing full tables with one key
28 янв 2020 10:21:10,420  INFO StartLogger - Initializing main logic
28 янв 2020 10:21:10,430  INFO StartLogger - Initializing main logic for module : #1 of 42 System (actual: 1)
28 янв 2020 10:21:11,314  INFO StartLogger - Initializing main logic for module : #2 of 42 MasterData (actual: 6)
28 янв 2020 10:21:11,314  INFO StartLogger - Initializing main logic for module : #3 of 42 Integration (actual: 27)
28 янв 2020 10:21:11,314  INFO StartLogger - Initializing main logic for module : #5 of 42 ProcessUtils (actual: 34)
28 янв 2020 10:21:11,314  INFO StartLogger - Initializing main logic for module : #7 of 42 Time (actual: 4)
28 янв 2020 10:21:11,314  INFO StartLogger - Initializing main logic for module : #6 of 42 Authentication (actual: 2)
28 янв 2020 10:21:11,314  INFO StartLogger - Initializing main logic for module : #4 of 42 HockeyStats (actual: 16)
28 янв 2020 10:21:11,317  INFO StartLogger - Initializing main logic for module : #9 of 42 OpenCV (actual: 40)
28 янв 2020 10:21:11,314  INFO StartLogger - Initializing main logic for module : #8 of 42 Image (actual: 18)
28 янв 2020 10:21:11,319  INFO StartLogger - Initializing main logic for module : #10 of 42 Geo (actual: 35)
28 янв 2020 10:21:11,323  INFO StartLogger - Initializing main logic for module : #11 of 42 Printer (actual: 17)
28 янв 2020 10:21:11,327  INFO StartLogger - Initializing main logic for module : #12 of 42 DefaultData (actual: 13)
28 янв 2020 10:21:11,340  INFO StartLogger - Initializing main logic for module : #13 of 42 Com (actual: 30)
28 янв 2020 10:21:11,345  INFO StartLogger - Initializing main logic for module : #14 of 42 Sound (actual: 33)
28 янв 2020 10:21:11,347  INFO StartLogger - Initializing main logic for module : #15 of 42 Numerator (actual: 19)
28 янв 2020 10:21:11,458  INFO StartLogger - Initializing main logic for module : #16 of 42 Utils (actual: 7)
28 янв 2020 10:21:11,552  INFO StartLogger - Initializing main logic for module : #17 of 42 Hierarchy (actual: 24)
28 янв 2020 10:21:11,552  INFO StartLogger - Initializing main logic for module : #18 of 42 Schedule (actual: 41)
28 янв 2020 10:21:11,552  INFO StartLogger - Initializing main logic for module : #19 of 42 Excel (actual: 25)
28 янв 2020 10:21:11,552  INFO StartLogger - Initializing main logic for module : #20 of 42 Fax (actual: 42)
28 янв 2020 10:21:11,553  INFO StartLogger - Initializing main logic for module : #21 of 42 I18n (actual: 29)
28 янв 2020 10:21:11,559  INFO StartLogger - Initializing main logic for module : #22 of 42 Historizable (actual: 23)
28 янв 2020 10:21:11,559  INFO StartLogger - Initializing main logic for module : #23 of 42 Document (actual: 20)
28 янв 2020 10:21:11,570  INFO StartLogger - Initializing main logic for module : #24 of 42 Reflection (actual: 3)
28 янв 2020 10:21:11,572  INFO StartLogger - Initializing main logic for module : #25 of 42 ProcessMonitor (actual: 21)
28 янв 2020 10:21:11,784  INFO StartLogger - Initializing main logic for module : #26 of 42 SystemEvents (actual: 5)
28 янв 2020 10:21:11,784  INFO StartLogger - Initializing main logic for module : #27 of 42 Email (actual: 9)
28 янв 2020 10:21:11,784  INFO StartLogger - Initializing main logic for module : #28 of 42 Messenger (actual: 31)
28 янв 2020 10:21:11,811  INFO StartLogger - Initializing main logic for module : #29 of 42 Viber (actual: 36)
28 янв 2020 10:21:11,811  INFO StartLogger - Initializing main logic for module : #30 of 42 Skype (actual: 37)
28 янв 2020 10:21:11,811  INFO StartLogger - Initializing main logic for module : #31 of 42 Slack (actual: 39)
28 янв 2020 10:21:11,811  INFO StartLogger - Initializing main logic for module : #32 of 42 Telegram (actual: 32)
28 янв 2020 10:21:11,963  INFO StartLogger - Initializing main logic for module : #33 of 42 Word (actual: 8)
28 янв 2020 10:21:11,963  INFO StartLogger - Initializing main logic for module : #34 of 42 Security (actual: 10)
28 янв 2020 10:21:12,146  INFO StartLogger - Initializing main logic for module : #35 of 42 Service (actual: 11)
28 янв 2020 10:21:12,271  INFO StartLogger - Initializing main logic for module : #36 of 42 EvalScript (actual: 38)
28 янв 2020 10:21:12,271  INFO StartLogger - Initializing main logic for module : #37 of 42 Scheduler (actual: 12)
28 янв 2020 10:21:12,271  INFO StartLogger - Initializing main logic for module : #39 of 42 Profiler (actual: 26)
28 янв 2020 10:21:12,271  INFO StartLogger - Initializing main logic for module : #40 of 42 SQLUtils (actual: 22)
28 янв 2020 10:21:12,271  INFO StartLogger - Initializing main logic for module : #38 of 42 Chat (actual: 28)
28 янв 2020 10:21:12,342  INFO StartLogger - Initializing main logic for module : #41 of 42 SchedulerDefaultData (actual: 14)
28 янв 2020 10:21:12,350  INFO StartLogger - Initializing main logic for module : #42 of 42 Backup (actual: 15)
28 янв 2020 10:21:12,453  INFO StartLogger - Checking for duplicate elements
28 янв 2020 10:21:12,484  INFO StartLogger - Filling implicit cases
28 янв 2020 10:21:12,484  INFO StartLogger - Finalizing abstract actions
28 янв 2020 10:21:12,484  INFO StartLogger - Initializing abstract properties
28 янв 2020 10:21:12,551  INFO StartLogger - Checking abstract
28 янв 2020 10:21:12,551  INFO StartLogger - Initializing fields for data and materialized properties
28 янв 2020 10:21:12,551  INFO StartLogger - Initializing class aggr props
28 янв 2020 10:21:12,565  INFO StartLogger - Looking for recursions in abstract actions / properties
28 янв 2020 10:21:12,602  INFO StartLogger - Setup property policy
28 янв 2020 10:21:12,602  INFO StartLogger - Finalizing navigator elements
28 янв 2020 10:21:12,602  INFO StartLogger - Setup drill-down
28 янв 2020 10:21:12,653  INFO StartLogger - Initializing reflection events
28 янв 2020 10:21:12,654  INFO StartLogger - Initializing indices
28 янв 2020 10:21:12,677  INFO StartLogger - Showing dependencies
28 янв 2020 10:21:12,677  INFO StartLogger - Setup action policy
28 янв 2020 10:21:21,444  INFO StartLogger - Initializing class data indexes
28 янв 2020 10:21:21,444  INFO StartLogger - Finalizing forms
28 янв 2020 10:21:21,444  INFO StartLogger - Building property list
28 янв 2020 10:21:21,444  INFO StartLogger - Setup loggables
28 янв 2020 10:21:21,497  INFO StartLogger - Finalizing properties
28 янв 2020 10:21:21,927  INFO StartLogger - Initializing actions' debugger
28 янв 2020 10:21:21,928  INFO StartLogger - Synchronizing DB
28 янв 2020 10:21:22,157  INFO StartLogger - Checking indices
28 янв 2020 10:21:22,158  INFO StartLogger - Creating tables
28 янв 2020 10:21:24,079  INFO StartLogger - Packing tables
28 янв 2020 10:21:24,080  INFO StartLogger - Adding indices
28 янв 2020 10:21:24,134  INFO StartLogger - Filling static objects ids
28 янв 2020 10:21:26,239  INFO StartLogger - Recalculate class stats
28 янв 2020 10:21:27,489  INFO StartLogger - Updating stats
28 янв 2020 10:21:27,593  INFO StartLogger - Writing static objects changes
28 янв 2020 10:21:33,315  INFO StartLogger - Migrating reflection properties and actions
28 янв 2020 10:21:33,390  INFO StartLogger - Recalculating aggregations
28 янв 2020 10:21:34,277  INFO StartLogger - Initializing Security Manager.
28 янв 2020 10:21:34,517  INFO StartLogger - Starting Security Manager.
28 янв 2020 10:21:34,784  INFO StartLogger - Starting RMI Manager
28 янв 2020 10:21:35,153  INFO StartLogger - Executing onStarted action
28 янв 2020 10:21:35,248  INFO SystemLogger - Setting hostname: null
28 янв 2020 10:21:38,419  INFO StartLogger - Starting Scheduler
28 янв 2020 10:21:38,455  INFO SystemLogger - Change currentDateTimeSnapshot to 2020-01-28 10:21:38.455
28 янв 2020 10:21:38,473  INFO SystemLogger - ChangeCurrentDate started: from null to 2020-01-28
28 янв 2020 10:21:38,528  INFO SystemLogger - ChangeCurrentDate finished
28 янв 2020 10:21:39,039  INFO StartLogger - Exporting RMI Logics object (port: 7652)
28 янв 2020 10:21:39,056  INFO SystemLogger - Binding ExternalHttpServer
28 янв 2020 10:21:39,094  INFO StartLogger - Reading modules hash
28 янв 2020 10:21:39,094  INFO StartLogger - Prereading properties graph
28 янв 2020 10:21:39,094  INFO StartLogger - Prereading caches for properties
28 янв 2020 10:21:39,094  INFO StartLogger - Prereading caches for properties ended
28 янв 2020 10:21:39,099  INFO StartLogger - Comparing modulesHash: old null, new 56317534
28 янв 2020 10:21:39,100  INFO StartLogger - Synchronizing property entities
28 янв 2020 10:21:39,100  INFO StartLogger - Synchronizing forms
28 янв 2020 10:21:39,100  INFO StartLogger - Synchronizing group properties
28 янв 2020 10:21:39,100  INFO StartLogger - Synchronizing group objects
28 янв 2020 10:21:39,100  INFO StartLogger - Synchronizing property parents
28 янв 2020 10:21:39,100  INFO StartLogger - Synchronizing tables
28 янв 2020 10:21:39,100  INFO StartLogger - Synchronizing navigator elements
28 янв 2020 10:21:39,100  INFO StartLogger - Synchronizing property draws
28 янв 2020 10:21:39,100  INFO StartLogger - synchronizeTables collecting data started
28 янв 2020 10:21:39,100  INFO StartLogger - Synchronizing parents
28 янв 2020 10:21:39,100  INFO StartLogger - synchronizeTables integration service started
28 янв 2020 10:21:42,031  INFO StartLogger - synchronizeTables finished
28 янв 2020 10:21:42,032  INFO StartLogger - Recalculating Stats at first start
28 янв 2020 10:21:42,033  INFO StartLogger - Writing modules hash
28 янв 2020 10:21:42,033  INFO StartLogger - Writing modulesHash 56317534
28 янв 2020 10:21:42,076  INFO StartLogger - Writing modulesHash finished successfully
28 янв 2020 10:21:42,081  INFO StartLogger - Obsolete caches were successfully cleaned
28 янв 2020 10:21:42,081  INFO StartLogger - Logics instance has successfully started
28 янв 2020 10:21:42,081  INFO StartLogger - Desktop Client is available at:
28 янв 2020 10:21:42,081  INFO StartLogger - Java Web Start (with auto update, requires JDK): https://download.lsfusion.org/java/lsfusion-client-3.0.jnlp
28 янв 2020 10:21:42,081  INFO StartLogger - Installer for Windows (without auto update): https://download.lsfusion.org/exe/lsfusion-desktop-3.0-x64.exe
28 янв 2020 10:21:42,081  INFO StartLogger - Server has successfully started in 34984 ms.
28 янв 2020 10:33:46,737  INFO StartLogger - Server is starting...
28 янв 2020 10:33:47,985  INFO StartLogger - Logics instance is starting...
28 янв 2020 10:33:47,985  INFO StartLogger - Initializing BusinessLogics
28 янв 2020 10:33:48,008  INFO StartLogger - Creating modules
28 янв 2020 10:33:48,008  INFO StartLogger - Initializing localizer
28 янв 2020 10:33:48,761  INFO StartLogger - Initializing dependencies
28 янв 2020 10:33:49,001  INFO StartLogger - Initializing modules order
28 янв 2020 10:33:49,004  INFO StartLogger - Initializing metacodes and classes
28 янв 2020 10:33:49,438  INFO StartLogger - Initializing object class
28 янв 2020 10:33:49,441  INFO StartLogger - Initializing tables
28 янв 2020 10:33:49,555  INFO StartLogger - Initializing class tables
28 янв 2020 10:33:49,661  INFO StartLogger - Initializing full tables with one key
28 янв 2020 10:33:49,662  INFO StartLogger - Initializing main logic
28 янв 2020 10:33:49,672  INFO StartLogger - Initializing main logic for module : #1 of 42 System (actual: 1)
28 янв 2020 10:33:50,604  INFO StartLogger - Initializing main logic for module : #2 of 42 MasterData (actual: 6)
28 янв 2020 10:33:50,604  INFO StartLogger - Initializing main logic for module : #3 of 42 Time (actual: 4)
28 янв 2020 10:33:50,604  INFO StartLogger - Initializing main logic for module : #7 of 42 DefaultData (actual: 13)
28 янв 2020 10:33:50,604  INFO StartLogger - Initializing main logic for module : #6 of 42 OpenCV (actual: 40)
28 янв 2020 10:33:50,605  INFO StartLogger - Initializing main logic for module : #9 of 42 Authentication (actual: 2)
28 янв 2020 10:33:50,604  INFO StartLogger - Initializing main logic for module : #4 of 42 Com (actual: 30)
28 янв 2020 10:33:50,604  INFO StartLogger - Initializing main logic for module : #8 of 42 Integration (actual: 27)
28 янв 2020 10:33:50,604  INFO StartLogger - Initializing main logic for module : #5 of 42 ProcessUtils (actual: 34)
28 янв 2020 10:33:50,608  INFO StartLogger - Initializing main logic for module : #10 of 42 HockeyStats (actual: 16)
28 янв 2020 10:33:50,609  INFO StartLogger - Initializing main logic for module : #11 of 42 Geo (actual: 35)
28 янв 2020 10:33:50,617  INFO StartLogger - Initializing main logic for module : #12 of 42 Printer (actual: 17)
28 янв 2020 10:33:50,617  INFO StartLogger - Initializing main logic for module : #13 of 42 Image (actual: 18)
28 янв 2020 10:33:50,631  INFO StartLogger - Initializing main logic for module : #14 of 42 Sound (actual: 33)
28 янв 2020 10:33:50,632  INFO StartLogger - Initializing main logic for module : #15 of 42 Numerator (actual: 19)
28 янв 2020 10:33:50,754  INFO StartLogger - Initializing main logic for module : #16 of 42 Utils (actual: 7)
28 янв 2020 10:33:50,830  INFO StartLogger - Initializing main logic for module : #17 of 42 Hierarchy (actual: 24)
28 янв 2020 10:33:50,830  INFO StartLogger - Initializing main logic for module : #18 of 42 Excel (actual: 25)
28 янв 2020 10:33:50,830  INFO StartLogger - Initializing main logic for module : #19 of 42 Schedule (actual: 41)
28 янв 2020 10:33:50,830  INFO StartLogger - Initializing main logic for module : #20 of 42 Fax (actual: 42)
28 янв 2020 10:33:50,831  INFO StartLogger - Initializing main logic for module : #21 of 42 I18n (actual: 29)
28 янв 2020 10:33:50,863  INFO StartLogger - Initializing main logic for module : #22 of 42 Document (actual: 20)
28 янв 2020 10:33:50,863  INFO StartLogger - Initializing main logic for module : #23 of 42 Reflection (actual: 3)
28 янв 2020 10:33:50,873  INFO StartLogger - Initializing main logic for module : #24 of 42 Historizable (actual: 23)
28 янв 2020 10:33:50,876  INFO StartLogger - Initializing main logic for module : #25 of 42 ProcessMonitor (actual: 21)
28 янв 2020 10:33:51,097  INFO StartLogger - Initializing main logic for module : #26 of 42 SystemEvents (actual: 5)
28 янв 2020 10:33:51,097  INFO StartLogger - Initializing main logic for module : #28 of 42 Email (actual: 9)
28 янв 2020 10:33:51,097  INFO StartLogger - Initializing main logic for module : #27 of 42 Messenger (actual: 31)
28 янв 2020 10:33:51,121  INFO StartLogger - Initializing main logic for module : #29 of 42 Telegram (actual: 32)
28 янв 2020 10:33:51,121  INFO StartLogger - Initializing main logic for module : #30 of 42 Skype (actual: 37)
28 янв 2020 10:33:51,122  INFO StartLogger - Initializing main logic for module : #31 of 42 Viber (actual: 36)
28 янв 2020 10:33:51,131  INFO StartLogger - Initializing main logic for module : #32 of 42 Slack (actual: 39)
28 янв 2020 10:33:51,259  INFO StartLogger - Initializing main logic for module : #33 of 42 Security (actual: 10)
28 янв 2020 10:33:51,259  INFO StartLogger - Initializing main logic for module : #34 of 42 Word (actual: 8)
28 янв 2020 10:33:51,425  INFO StartLogger - Initializing main logic for module : #35 of 42 Service (actual: 11)
28 янв 2020 10:33:51,554  INFO StartLogger - Initializing main logic for module : #36 of 42 Scheduler (actual: 12)
28 янв 2020 10:33:51,554  INFO StartLogger - Initializing main logic for module : #37 of 42 Chat (actual: 28)
28 янв 2020 10:33:51,554  INFO StartLogger - Initializing main logic for module : #40 of 42 Profiler (actual: 26)
28 янв 2020 10:33:51,554  INFO StartLogger - Initializing main logic for module : #38 of 42 SQLUtils (actual: 22)
28 янв 2020 10:33:51,554  INFO StartLogger - Initializing main logic for module : #39 of 42 EvalScript (actual: 38)
28 янв 2020 10:33:51,615  INFO StartLogger - Initializing main logic for module : #41 of 42 SchedulerDefaultData (actual: 14)
28 янв 2020 10:33:51,621  INFO StartLogger - Initializing main logic for module : #42 of 42 Backup (actual: 15)
28 янв 2020 10:33:51,679  INFO StartLogger - Checking for duplicate elements
28 янв 2020 10:33:51,701  INFO StartLogger - Filling implicit cases
28 янв 2020 10:33:51,702  INFO StartLogger - Finalizing abstract actions
28 янв 2020 10:33:51,702  INFO StartLogger - Initializing abstract properties
28 янв 2020 10:33:51,800  INFO StartLogger - Checking abstract
28 янв 2020 10:33:51,800  INFO StartLogger - Initializing class aggr props
28 янв 2020 10:33:51,800  INFO StartLogger - Initializing fields for data and materialized properties
28 янв 2020 10:33:51,819  INFO StartLogger - Looking for recursions in abstract actions / properties
28 янв 2020 10:33:51,871  INFO StartLogger - Setup property policy
28 янв 2020 10:33:51,871  INFO StartLogger - Finalizing navigator elements
28 янв 2020 10:33:51,871  INFO StartLogger - Setup drill-down
28 янв 2020 10:33:51,885  INFO StartLogger - Initializing reflection events
28 янв 2020 10:33:51,888  INFO StartLogger - Initializing indices
28 янв 2020 10:33:51,969  INFO StartLogger - Showing dependencies
28 янв 2020 10:33:51,969  INFO StartLogger - Setup action policy
28 янв 2020 10:33:58,608  INFO StartLogger - Setting user logging for properties
28 янв 2020 10:33:58,630  INFO StartLogger - Setting user not null constraints for properties
28 янв 2020 10:33:58,634  INFO StartLogger - Initializing class data indexes
28 янв 2020 10:33:58,634  INFO StartLogger - Finalizing forms
28 янв 2020 10:33:58,634  INFO StartLogger - Building property list
28 янв 2020 10:33:58,634  INFO StartLogger - Setup loggables
28 янв 2020 10:33:58,658  INFO StartLogger - Finalizing properties
28 янв 2020 10:33:58,946  INFO StartLogger - Initializing actions' debugger
28 янв 2020 10:33:58,947  INFO StartLogger - Synchronizing DB
28 янв 2020 10:33:59,004  INFO StartLogger - Checking indices
28 янв 2020 10:33:59,004  INFO StartLogger - Applying migration script (0.0 -> 0.0)
28 янв 2020 10:33:59,069  INFO StartLogger - Creating tables
28 янв 2020 10:33:59,098  INFO StartLogger - Packing tables
28 янв 2020 10:33:59,098  INFO StartLogger - Adding indices
28 янв 2020 10:33:59,098  INFO StartLogger - Filling static objects ids
28 янв 2020 10:34:01,186  INFO StartLogger - Updating stats
28 янв 2020 10:34:01,241  INFO StartLogger - Writing static objects changes
28 янв 2020 10:34:01,241  INFO StartLogger - adding static object with id 1353, sid HockeyStats_Players and name Игроки
28 янв 2020 10:34:01,437  INFO StartLogger - Migrating reflection properties and actions
28 янв 2020 10:34:01,482  INFO StartLogger - Recalculating aggregations
28 янв 2020 10:34:01,483  INFO StartLogger - Update Aggregation Stats started: _auto_HockeyStats_Players
28 янв 2020 10:34:02,445  INFO StartLogger - Update Aggregation Stats: _auto_HockeyStats_Players, 962ms
28 янв 2020 10:34:02,977  INFO StartLogger - Initializing Security Manager.
28 янв 2020 10:34:03,081  INFO StartLogger - Starting Security Manager.
28 янв 2020 10:34:03,098  INFO StartLogger - Starting RMI Manager
28 янв 2020 10:34:03,439  INFO StartLogger - Executing onStarted action
28 янв 2020 10:34:03,556  INFO SystemLogger - Setting hostname: null
28 янв 2020 10:34:04,685  INFO StartLogger - Starting Scheduler
28 янв 2020 10:34:04,721  INFO SystemLogger - Change currentDateTimeSnapshot to 2020-01-28 10:34:04.721
28 янв 2020 10:34:04,987  INFO StartLogger - Exporting RMI Logics object (port: 7652)
28 янв 2020 10:34:04,993  INFO SystemLogger - Binding ExternalHttpServer
28 янв 2020 10:34:05,010  INFO StartLogger - Prereading caches for properties
28 янв 2020 10:34:05,010  INFO StartLogger - Prereading properties graph
28 янв 2020 10:34:05,010  INFO StartLogger - Reading modules hash
28 янв 2020 10:34:05,011  INFO StartLogger - Prereading caches for properties ended
28 янв 2020 10:34:05,014  INFO StartLogger - Comparing modulesHash: old 56317534, new 4d949f27
28 янв 2020 10:34:05,015  INFO StartLogger - Synchronizing property entities
28 янв 2020 10:34:05,015  INFO StartLogger - Synchronizing forms
28 янв 2020 10:34:05,015  INFO StartLogger - Synchronizing group properties
28 янв 2020 10:34:05,016  INFO StartLogger - Synchronizing group objects
28 янв 2020 10:34:05,016  INFO StartLogger - Synchronizing property parents
28 янв 2020 10:34:05,016  INFO StartLogger - Synchronizing tables
28 янв 2020 10:34:05,016  INFO StartLogger - synchronizeTables collecting data started
28 янв 2020 10:34:05,016  INFO StartLogger - Synchronizing navigator elements
28 янв 2020 10:34:05,017  INFO StartLogger - Synchronizing property draws
28 янв 2020 10:34:05,017  INFO StartLogger - Synchronizing parents
28 янв 2020 10:34:05,018  INFO StartLogger - synchronizeTables integration service started
28 янв 2020 10:34:18,441  INFO StartLogger - synchronizeTables finished
28 янв 2020 10:34:18,442  INFO StartLogger - Recalculating Stats at first start
28 янв 2020 10:34:18,442  INFO StartLogger - Writing modules hash
28 янв 2020 10:34:18,442  INFO StartLogger - Writing modulesHash 4d949f27
28 янв 2020 10:34:18,474  INFO StartLogger - Writing modulesHash finished successfully
28 янв 2020 10:34:18,478  INFO StartLogger - Obsolete caches were successfully cleaned
28 янв 2020 10:34:18,478  INFO StartLogger - Logics instance has successfully started
28 янв 2020 10:34:18,479  INFO StartLogger - Desktop Client is available at:
28 янв 2020 10:34:18,479  INFO StartLogger - Java Web Start (with auto update, requires JDK): https://download.lsfusion.org/java/lsfusion-client-3.0.jnlp
28 янв 2020 10:34:18,480  INFO StartLogger - Installer for Windows (without auto update): https://download.lsfusion.org/exe/lsfusion-desktop-3.0-x64.exe
28 янв 2020 10:34:18,480  INFO StartLogger - Server has successfully started in 31743 ms.
28 янв 2020 10:40:23,067  INFO StartLogger - Server is starting...
28 янв 2020 10:40:24,215  INFO StartLogger - Logics instance is starting...
28 янв 2020 10:40:24,232  INFO StartLogger - Initializing BusinessLogics
28 янв 2020 10:40:24,243  INFO StartLogger - Creating modules
28 янв 2020 10:40:24,243  INFO StartLogger - Initializing localizer
28 янв 2020 10:40:25,114  INFO StartLogger - Initializing dependencies
28 янв 2020 10:40:25,395  INFO StartLogger - Initializing modules order
28 янв 2020 10:40:25,399  INFO StartLogger - Initializing metacodes and classes
28 янв 2020 10:40:25,824  INFO StartLogger - Initializing object class
28 янв 2020 10:40:25,827  INFO StartLogger - Initializing tables
28 янв 2020 10:40:25,950  INFO StartLogger - Initializing class tables
28 янв 2020 10:40:26,066  INFO StartLogger - Initializing full tables with one key
28 янв 2020 10:40:26,067  INFO StartLogger - Initializing main logic
28 янв 2020 10:40:26,080  INFO StartLogger - Initializing main logic for module : #1 of 42 System (actual: 1)
28 янв 2020 10:40:26,653  INFO StartLogger - Initializing main logic for module : #2 of 42 ProcessUtils (actual: 34)
28 янв 2020 10:40:26,653  INFO StartLogger - Initializing main logic for module : #3 of 42 MasterData (actual: 6)
28 янв 2020 10:40:26,653  INFO StartLogger - Initializing main logic for module : #5 of 42 Integration (actual: 27)
28 янв 2020 10:40:26,653  INFO StartLogger - Initializing main logic for module : #6 of 42 Time (actual: 4)
28 янв 2020 10:40:26,653  INFO StartLogger - Initializing main logic for module : #4 of 42 Sound (actual: 33)
28 янв 2020 10:40:26,654  INFO StartLogger - Initializing main logic for module : #7 of 42 Geo (actual: 35)
28 янв 2020 10:40:26,657  INFO StartLogger - Initializing main logic for module : #8 of 42 OpenCV (actual: 40)
28 янв 2020 10:40:26,659  INFO StartLogger - Initializing main logic for module : #9 of 42 Image (actual: 18)
28 янв 2020 10:40:26,660  INFO StartLogger - Initializing main logic for module : #10 of 42 Printer (actual: 17)
28 янв 2020 10:40:26,664  INFO StartLogger - Initializing main logic for module : #11 of 42 DefaultData (actual: 13)
28 янв 2020 10:40:26,666  INFO StartLogger - Initializing main logic for module : #12 of 42 Authentication (actual: 2)
28 янв 2020 10:40:26,666  INFO StartLogger - Initializing main logic for module : #13 of 42 HockeyStats (actual: 16)
28 янв 2020 10:40:26,666  INFO StartLogger - Initializing main logic for module : #14 of 42 Com (actual: 30)
28 янв 2020 10:40:26,724  INFO StartLogger - Initializing main logic for module : #15 of 42 Numerator (actual: 19)
28 янв 2020 10:40:26,789  INFO StartLogger - Initializing main logic for module : #16 of 42 Utils (actual: 7)
28 янв 2020 10:40:26,873  INFO StartLogger - Initializing main logic for module : #17 of 42 I18n (actual: 29)
28 янв 2020 10:40:26,873  INFO StartLogger - Initializing main logic for module : #18 of 42 Schedule (actual: 41)
28 янв 2020 10:40:26,873  INFO StartLogger - Initializing main logic for module : #19 of 42 Fax (actual: 42)
28 янв 2020 10:40:26,873  INFO StartLogger - Initializing main logic for module : #20 of 42 Excel (actual: 25)
28 янв 2020 10:40:26,873  INFO StartLogger - Initializing main logic for module : #21 of 42 Hierarchy (actual: 24)
28 янв 2020 10:40:26,913  INFO StartLogger - Initializing main logic for module : #22 of 42 Historizable (actual: 23)
28 янв 2020 10:40:26,923  INFO StartLogger - Initializing main logic for module : #23 of 42 ProcessMonitor (actual: 21)
28 янв 2020 10:40:26,924  INFO StartLogger - Initializing main logic for module : #24 of 42 Document (actual: 20)
28 янв 2020 10:40:26,924  INFO StartLogger - Initializing main logic for module : #25 of 42 Reflection (actual: 3)
28 янв 2020 10:40:27,140  INFO StartLogger - Initializing main logic for module : #26 of 42 Email (actual: 9)
28 янв 2020 10:40:27,141  INFO StartLogger - Initializing main logic for module : #28 of 42 Messenger (actual: 31)
28 янв 2020 10:40:27,140  INFO StartLogger - Initializing main logic for module : #27 of 42 SystemEvents (actual: 5)
28 янв 2020 10:40:27,164  INFO StartLogger - Initializing main logic for module : #29 of 42 Slack (actual: 39)
28 янв 2020 10:40:27,165  INFO StartLogger - Initializing main logic for module : #30 of 42 Viber (actual: 36)
28 янв 2020 10:40:27,166  INFO StartLogger - Initializing main logic for module : #31 of 42 Skype (actual: 37)
28 янв 2020 10:40:27,169  INFO StartLogger - Initializing main logic for module : #32 of 42 Telegram (actual: 32)
28 янв 2020 10:40:27,281  INFO StartLogger - Initializing main logic for module : #33 of 42 Word (actual: 8)
28 янв 2020 10:40:27,281  INFO StartLogger - Initializing main logic for module : #34 of 42 Security (actual: 10)
28 янв 2020 10:40:27,422  INFO StartLogger - Initializing main logic for module : #35 of 42 Service (actual: 11)
28 янв 2020 10:40:27,536  INFO StartLogger - Initializing main logic for module : #36 of 42 SQLUtils (actual: 22)
28 янв 2020 10:40:27,539  INFO StartLogger - Initializing main logic for module : #37 of 42 EvalScript (actual: 38)
28 янв 2020 10:40:27,539  INFO StartLogger - Initializing main logic for module : #38 of 42 Chat (actual: 28)
28 янв 2020 10:40:27,540  INFO StartLogger - Initializing main logic for module : #39 of 42 Profiler (actual: 26)
28 янв 2020 10:40:27,540  INFO StartLogger - Initializing main logic for module : #40 of 42 Scheduler (actual: 12)
28 янв 2020 10:40:27,606  INFO StartLogger - Initializing main logic for module : #41 of 42 SchedulerDefaultData (actual: 14)
28 янв 2020 10:40:27,610  INFO StartLogger - Initializing main logic for module : #42 of 42 Backup (actual: 15)
28 янв 2020 10:40:27,693  INFO StartLogger - Checking for duplicate elements
28 янв 2020 10:40:27,720  INFO StartLogger - Filling implicit cases
28 янв 2020 10:40:27,720  INFO StartLogger - Finalizing abstract actions
28 янв 2020 10:40:27,720  INFO StartLogger - Initializing abstract properties
28 янв 2020 10:40:27,782  INFO StartLogger - Checking abstract
28 янв 2020 10:40:27,782  INFO StartLogger - Initializing fields for data and materialized properties
28 янв 2020 10:40:27,783  INFO StartLogger - Initializing class aggr props
28 янв 2020 10:40:27,796  INFO StartLogger - Looking for recursions in abstract actions / properties
28 янв 2020 10:40:27,802  INFO StartLogger - Finalizing navigator elements
28 янв 2020 10:40:27,818  INFO StartLogger - Setup property policy
28 янв 2020 10:40:27,818  INFO StartLogger - Setup drill-down
28 янв 2020 10:40:27,871  INFO StartLogger - Initializing reflection events
28 янв 2020 10:40:27,874  INFO StartLogger - Initializing indices
28 янв 2020 10:40:27,891  INFO StartLogger - Showing dependencies
28 янв 2020 10:40:27,891  INFO StartLogger - Setup action policy
28 янв 2020 10:40:34,599  INFO StartLogger - Setting user logging for properties
28 янв 2020 10:40:34,617  INFO StartLogger - Setting user not null constraints for properties
28 янв 2020 10:40:34,621  INFO StartLogger - Initializing class data indexes
28 янв 2020 10:40:34,622  INFO StartLogger - Finalizing forms
28 янв 2020 10:40:34,622  INFO StartLogger - Setup loggables
28 янв 2020 10:40:34,622  INFO StartLogger - Building property list
28 янв 2020 10:40:34,642  INFO StartLogger - Finalizing properties
28 янв 2020 10:40:34,905  INFO StartLogger - Initializing actions' debugger
28 янв 2020 10:40:34,905  INFO StartLogger - Synchronizing DB
28 янв 2020 10:40:34,964  INFO StartLogger - Checking indices
28 янв 2020 10:40:34,964  INFO StartLogger - Applying migration script (0.0 -> 0.0)
28 янв 2020 10:40:34,999  INFO StartLogger - Creating tables
28 янв 2020 10:40:35,021  INFO StartLogger - Packing tables
28 янв 2020 10:40:35,021  INFO StartLogger - Adding indices
28 янв 2020 10:40:35,021  INFO StartLogger - Filling static objects ids
28 янв 2020 10:40:35,222  INFO StartLogger - Updating stats
28 янв 2020 10:40:35,263  INFO StartLogger - Writing static objects changes
28 янв 2020 10:40:37,431  INFO StartLogger - Migrating reflection properties and actions
28 янв 2020 10:40:37,476  INFO StartLogger - Recalculating aggregations
28 янв 2020 10:40:38,033  INFO StartLogger - Initializing Security Manager.
28 янв 2020 10:40:38,129  INFO StartLogger - Starting Security Manager.
28 янв 2020 10:40:38,146  INFO StartLogger - Starting RMI Manager
28 янв 2020 10:40:38,484  INFO StartLogger - Executing onStarted action
28 янв 2020 10:40:38,653  INFO SystemLogger - Setting hostname: null
28 янв 2020 10:40:39,888  INFO StartLogger - Starting Scheduler
28 янв 2020 10:40:39,923  INFO SystemLogger - Change currentDateTimeSnapshot to 2020-01-28 10:40:39.923
28 янв 2020 10:40:40,257  INFO StartLogger - Exporting RMI Logics object (port: 7652)
28 янв 2020 10:40:40,265  INFO SystemLogger - Binding ExternalHttpServer
28 янв 2020 10:40:40,284  INFO StartLogger - Reading modules hash
28 янв 2020 10:40:40,285  INFO StartLogger - Prereading properties graph
28 янв 2020 10:40:40,285  INFO StartLogger - Prereading caches for properties
28 янв 2020 10:40:40,286  INFO StartLogger - Prereading caches for properties ended
28 янв 2020 10:40:40,289  INFO StartLogger - Comparing modulesHash: old 4d949f27, new cd9b64e4
28 янв 2020 10:40:40,290  INFO StartLogger - Synchronizing property entities
28 янв 2020 10:40:40,290  INFO StartLogger - Synchronizing forms
28 янв 2020 10:40:40,290  INFO StartLogger - Synchronizing group properties
28 янв 2020 10:40:40,291  INFO StartLogger - Synchronizing group objects
28 янв 2020 10:40:40,291  INFO StartLogger - Synchronizing tables
28 янв 2020 10:40:40,291  INFO StartLogger - synchronizeTables collecting data started
28 янв 2020 10:40:40,291  INFO StartLogger - Synchronizing navigator elements
28 янв 2020 10:40:40,291  INFO StartLogger - Synchronizing property parents
28 янв 2020 10:40:40,291  INFO StartLogger - Synchronizing property draws
28 янв 2020 10:40:40,292  INFO StartLogger - Synchronizing parents
28 янв 2020 10:40:40,293  INFO StartLogger - synchronizeTables integration service started
28 янв 2020 10:40:54,633  INFO StartLogger - synchronizeTables finished
28 янв 2020 10:40:54,634  INFO StartLogger - Recalculating Stats at first start
28 янв 2020 10:40:54,635  INFO StartLogger - Writing modules hash
28 янв 2020 10:40:54,635  INFO StartLogger - Writing modulesHash cd9b64e4
28 янв 2020 10:40:54,682  INFO StartLogger - Writing modulesHash finished successfully
28 янв 2020 10:40:54,686  INFO StartLogger - Obsolete caches were successfully cleaned
28 янв 2020 10:40:54,687  INFO StartLogger - Logics instance has successfully started
28 янв 2020 10:40:54,688  INFO StartLogger - Desktop Client is available at:
28 янв 2020 10:40:54,688  INFO StartLogger - Java Web Start (with auto update, requires JDK): https://download.lsfusion.org/java/lsfusion-client-3.0.jnlp
28 янв 2020 10:40:54,688  INFO StartLogger - Installer for Windows (without auto update): https://download.lsfusion.org/exe/lsfusion-desktop-3.0-x64.exe
28 янв 2020 10:40:54,688  INFO StartLogger - Server has successfully started in 31621 ms.
28 янв 2020 11:17:07,901  INFO SystemLogger - Change currentDateTimeSnapshot to 2020-01-28 11:17:07.901
